    Finished `bench` profile [optimized] target(s) in 0.09s
     Running benches/crossover.rs (target/release/deps/crossover-a075d286e1ba7900)
=== linalg crossover bench: sparse vs BLAS (OpenBLAS, 1 thread) ===
(times in µs; ratios are sparse/BLAS — crossover is where ratio hits 1.0)

=== 1. SpGEMM (Csr<u32,f32>) vs BLAS sgemm — density sweep ===
n,density,nnz,csr_us,csr_par_us,blas_us,seq_ratio,par_ratio
256,0.0001,5,1,230,2198,0.001,0.105
256,0.0002,16,1,192,330,0.002,0.581
256,0.0003,19,1,182,328,0.002,0.556
256,0.0006,33,1,199,329,0.003,0.604
256,0.0010,59,1,176,399,0.003,0.441
256,0.0018,127,2,211,330,0.006,0.641
256,0.0032,193,3,181,341,0.008,0.530
256,0.0056,391,6,189,416,0.014,0.453
256,0.0100,637,13,190,331,0.040,0.573
256,0.0178,1156,55,203,328,0.168,0.619
256,0.0316,2077,199,246,365,0.546,0.673
256,0.0562,3744,925,338,330,2.799,1.022
256,0.1000,6541,1723,854,333,5.168,2.561
256,0.1778,11530,,1000,332,,3.013
256,0.3162,20619,,678,414,,1.639
256,0.5623,36947,,1263,334,,3.786
256,1.0000,65536,,3247,365,,8.890
  (stopping sweep at n=256: sparse > 4× BLAS)
  → n=256 csr crossover ≈ 3.914% density
  → n=256 csr_par crossover ≈ 5.459% density
512,0.0001,26,1,215,2533,0.001,0.085
512,0.0002,45,1,228,2552,0.001,0.089
512,0.0003,82,2,211,2612,0.001,0.081
512,0.0006,166,3,245,2634,0.001,0.093
512,0.0010,239,3,232,2516,0.001,0.092
512,0.0018,482,5,229,2493,0.002,0.092
512,0.0032,842,12,238,2507,0.005,0.095
512,0.0056,1443,50,259,2522,0.020,0.103
512,0.0100,2544,156,252,2507,0.062,0.100
512,0.0178,4617,529,323,2514,0.210,0.129
512,0.0316,8281,1745,630,2643,0.660,0.238
512,0.0562,14739,6224,1195,2505,2.485,0.477
512,0.1000,26235,9372,1914,2559,3.663,0.748
512,0.1778,46471,13530,2105,2665,5.078,0.790
512,0.3162,82075,,3289,2874,,1.144
512,0.5623,147431,,7422,2571,,2.887
512,1.0000,262144,,20862,2620,,7.962
  (stopping sweep at n=512: sparse > 4× BLAS)
  → n=512 csr crossover ≈ 3.787% density
  → n=512 csr_par crossover ≈ 25.651% density
1024,0.0001,100,3,262,20083,0.000,0.013
1024,0.0002,190,4,285,20482,0.000,0.014
1024,0.0003,321,4,278,21093,0.000,0.013
1024,0.0006,641,7,328,20755,0.000,0.016
1024,0.0010,1005,13,275,21257,0.001,0.013
1024,0.0018,1898,46,306,19820,0.002,0.015
1024,0.0032,3326,150,394,20632,0.007,0.019
1024,0.0056,5709,396,415,19863,0.020,0.021
1024,0.0100,10262,1336,678,19972,0.067,0.034
1024,0.0178,18782,4766,1398,21392,0.223,0.065
1024,0.0316,33201,20961,2375,21364,0.981,0.111
1024,0.0562,58906,36654,3617,21949,1.670,0.165
1024,0.1000,104662,47110,5196,22126,2.129,0.235
1024,0.1778,186131,83509,8552,21135,3.951,0.405
1024,0.3162,330423,186956,18267,20762,9.005,0.880
1024,0.5623,589663,,45954,21862,,2.102
1024,1.0000,1048576,,138394,20388,,6.788
  (stopping sweep at n=1024: sparse > 4× BLAS)
  → n=1024 csr crossover ≈ 3.228% density
  → n=1024 csr_par crossover ≈ 34.415% density

=== 2. Blocked attention vs BLAS batched attention — density sweep ===
config,density,q_nz,blas_us,b8_us,b16_us,b8_ratio,b16_ratio
  [b32_s512_h12_d32] full-density correctness vs BLAS ok
b32_s512_h12_d32,0.0001,612,10845,386,122,0.036,0.011
b32_s512_h12_d32,0.0002,1111,10790,392,134,0.036,0.012
b32_s512_h12_d32,0.0003,1963,10886,398,160,0.037,0.015
b32_s512_h12_d32,0.0006,3504,12143,416,232,0.034,0.019
b32_s512_h12_d32,0.0010,6199,10837,486,416,0.045,0.038
b32_s512_h12_d32,0.0018,11224,12482,1022,2480,0.082,0.199
b32_s512_h12_d32,0.0032,19959,11140,1977,6385,0.177,0.573
b32_s512_h12_d32,0.0056,35386,11760,6144,15147,0.522,1.288
b32_s512_h12_d32,0.0100,63547,13113,11080,19156,0.845,1.461
b32_s512_h12_d32,0.0178,112179,10655,21291,23964,1.998,2.249
b32_s512_h12_d32,0.0316,199687,11265,25425,27063,2.257,2.402
b32_s512_h12_d32,0.0562,353749,10595,30930,32340,2.919,3.053
b32_s512_h12_d32,0.1000,629314,10202,32276,27102,3.164,2.657
b32_s512_h12_d32,0.1778,1118559,10821,37108,28570,3.429,2.640
b32_s512_h12_d32,0.3162,1991374,10934,31337,28746,2.866,2.629
b32_s512_h12_d32,0.5623,3537900,11526,38084,30205,3.304,2.621
b32_s512_h12_d32,1.0000,6291456,11258,26815,31020,2.382,2.755
  → b32_s512_h12_d32 Blocked8 crossover ≈ 1.119% density
  → b32_s512_h12_d32 Blocked16 crossover ≈ 0.470% density
  [b8_s1024_h12_d64] full-density correctness vs BLAS ok
b8_s1024_h12_d64,0.0001,612,13879,289,73,0.021,0.005
b8_s1024_h12_d64,0.0002,1111,13703,292,88,0.021,0.006
b8_s1024_h12_d64,0.0003,1963,15249,302,110,0.020,0.007
b8_s1024_h12_d64,0.0006,3504,16312,328,175,0.020,0.011
b8_s1024_h12_d64,0.0010,6199,17718,395,413,0.022,0.023
b8_s1024_h12_d64,0.0018,11224,15314,576,2368,0.038,0.155
b8_s1024_h12_d64,0.0032,19959,15985,1258,7254,0.079,0.454
b8_s1024_h12_d64,0.0056,35386,14526,5859,11900,0.403,0.819
b8_s1024_h12_d64,0.0100,63547,13950,11515,20704,0.825,1.484
b8_s1024_h12_d64,0.0178,112179,10513,18790,24852,1.787,2.364
b8_s1024_h12_d64,0.0316,199687,16633,25448,23711,1.530,1.426
b8_s1024_h12_d64,0.0562,353749,14684,27532,34029,1.875,2.317
b8_s1024_h12_d64,0.1000,629314,14937,27906,24339,1.868,1.629
b8_s1024_h12_d64,0.1778,1118559,14765,28712,28423,1.945,1.925
b8_s1024_h12_d64,0.3162,1991374,12933,25903,22710,2.003,1.756
b8_s1024_h12_d64,0.5623,3537900,13737,28231,26139,2.055,1.903
b8_s1024_h12_d64,1.0000,6291456,14580,27533,26018,1.888,1.785
  → b8_s1024_h12_d64 Blocked8 crossover ≈ 1.154% density
  → b8_s1024_h12_d64 Blocked16 crossover ≈ 0.682% density
  [b8_s1024_h16_d64] full-density correctness vs BLAS ok
b8_s1024_h16_d64,0.0001,829,23655,285,79,0.012,0.003
b8_s1024_h16_d64,0.0002,1488,28049,293,103,0.010,0.004
b8_s1024_h16_d64,0.0003,2637,21250,313,137,0.015,0.006
b8_s1024_h16_d64,0.0006,4678,24296,362,260,0.015,0.011
b8_s1024_h16_d64,0.0010,8319,20205,464,600,0.023,0.030
b8_s1024_h16_d64,0.0018,15001,19991,1199,4830,0.060,0.242
b8_s1024_h16_d64,0.0032,26555,22880,3583,9829,0.157,0.430
b8_s1024_h16_d64,0.0056,47016,21421,8885,16788,0.415,0.784
b8_s1024_h16_d64,0.0100,84491,16903,14757,22456,0.873,1.329
b8_s1024_h16_d64,0.0178,149654,20457,23686,24452,1.158,1.195
b8_s1024_h16_d64,0.0316,265992,18923,25703,25542,1.358,1.350
b8_s1024_h16_d64,0.0562,471565,21628,27374,24875,1.266,1.150
b8_s1024_h16_d64,0.1000,839211,19508,24609,25300,1.261,1.297
b8_s1024_h16_d64,0.1778,1491399,21002,27238,24243,1.297,1.154
b8_s1024_h16_d64,0.3162,2653472,20169,27216,25042,1.349,1.242
b8_s1024_h16_d64,0.5623,4717191,20222,29037,24580,1.436,1.216
b8_s1024_h16_d64,1.0000,8388608,20159,25719,26848,1.276,1.332
  → b8_s1024_h16_d64 Blocked8 crossover ≈ 1.319% density
  → b8_s1024_h16_d64 Blocked16 crossover ≈ 0.734% density

=== done ===
